mode: set
Bookme/internal/handler/handlers.go:32.62,37.2 1 1
Bookme/internal/handler/handlers.go:40.51,45.2 1 1
Bookme/internal/handler/handlers.go:48.33,50.2 1 1
Bookme/internal/handler/handlers.go:53.67,55.2 1 1
Bookme/internal/handler/handlers.go:58.68,61.2 1 1
Bookme/internal/handler/handlers.go:64.74,66.9 2 1
Bookme/internal/handler/handlers.go:72.2,73.16 2 1
Bookme/internal/handler/handlers.go:79.2,97.4 10 1
Bookme/internal/handler/handlers.go:66.9,70.3 3 1
Bookme/internal/handler/handlers.go:73.16,77.3 3 1
Bookme/internal/handler/handlers.go:101.78,103.16 2 1
Bookme/internal/handler/handlers.go:109.2,117.16 5 1
Bookme/internal/handler/handlers.go:123.2,124.16 2 1
Bookme/internal/handler/handlers.go:130.2,131.16 2 1
Bookme/internal/handler/handlers.go:138.2,139.16 2 1
Bookme/internal/handler/handlers.go:145.2,162.19 6 1
Bookme/internal/handler/handlers.go:179.2,180.16 2 1
Bookme/internal/handler/handlers.go:186.2,195.16 3 1
Bookme/internal/handler/handlers.go:202.2,235.66 8 1
Bookme/internal/handler/handlers.go:103.16,107.3 3 1
Bookme/internal/handler/handlers.go:117.16,121.3 3 1
Bookme/internal/handler/handlers.go:124.16,128.3 3 1
Bookme/internal/handler/handlers.go:131.16,135.3 3 1
Bookme/internal/handler/handlers.go:139.16,143.3 3 1
Bookme/internal/handler/handlers.go:162.19,177.3 7 1
Bookme/internal/handler/handlers.go:180.16,184.3 3 1
Bookme/internal/handler/handlers.go:195.16,199.3 3 0
Bookme/internal/handler/handlers.go:240.71,242.2 1 1
Bookme/internal/handler/handlers.go:245.69,247.2 1 1
Bookme/internal/handler/handlers.go:250.75,252.2 1 1
Bookme/internal/handler/handlers.go:255.79,257.16 2 1
Bookme/internal/handler/handlers.go:263.2,268.16 5 1
Bookme/internal/handler/handlers.go:273.2,274.16 2 1
Bookme/internal/handler/handlers.go:280.2,281.16 2 1
Bookme/internal/handler/handlers.go:287.2,287.21 1 1
Bookme/internal/handler/handlers.go:294.2,306.4 5 1
Bookme/internal/handler/handlers.go:257.16,261.3 3 0
Bookme/internal/handler/handlers.go:268.16,272.3 3 1
Bookme/internal/handler/handlers.go:274.16,278.3 3 1
Bookme/internal/handler/handlers.go:281.16,285.3 3 1
Bookme/internal/handler/handlers.go:287.21,292.3 3 1
Bookme/internal/handler/handlers.go:318.79,321.16 2 1
Bookme/internal/handler/handlers.go:334.2,344.16 8 1
Bookme/internal/handler/handlers.go:356.2,369.14 4 1
Bookme/internal/handler/handlers.go:321.16,332.3 5 1
Bookme/internal/handler/handlers.go:344.16,355.3 5 1
Bookme/internal/handler/handlers.go:374.70,376.2 1 1
Bookme/internal/handler/handlers.go:379.81,381.9 2 1
Bookme/internal/handler/handlers.go:387.2,401.4 9 1
Bookme/internal/handler/handlers.go:381.9,385.3 3 1
Bookme/internal/handler/handlers.go:405.73,409.16 3 1
Bookme/internal/handler/handlers.go:415.2,416.9 2 1
Bookme/internal/handler/handlers.go:422.2,426.63 3 1
Bookme/internal/handler/handlers.go:409.16,413.3 3 1
Bookme/internal/handler/handlers.go:416.9,420.3 3 1
Bookme/internal/handler/handlers.go:431.71,443.16 9 1
Bookme/internal/handler/handlers.go:449.2,456.63 6 1
Bookme/internal/handler/handlers.go:443.16,447.3 3 1
Bookme/internal/handler/handlers.go:460.72,464.2 1 1
Bookme/internal/handler/handlers.go:467.76,471.16 3 1
Bookme/internal/handler/handlers.go:475.2,482.19 6 1
Bookme/internal/handler/handlers.go:489.2,490.16 2 1
Bookme/internal/handler/handlers.go:496.2,498.47 3 1
Bookme/internal/handler/handlers.go:471.16,473.3 1 0
Bookme/internal/handler/handlers.go:482.19,487.3 2 1
Bookme/internal/handler/handlers.go:490.16,494.3 3 1
Bookme/internal/handler/handlers.go:502.69,507.2 3 1
Bookme/internal/handler/handlers.go:509.77,511.2 1 1
Bookme/internal/handler/handlers.go:514.83,516.16 2 1
Bookme/internal/handler/handlers.go:521.2,526.4 3 1
Bookme/internal/handler/handlers.go:516.16,519.3 2 0
Bookme/internal/handler/handlers.go:530.83,532.16 2 1
Bookme/internal/handler/handlers.go:537.2,541.4 3 1
Bookme/internal/handler/handlers.go:532.16,535.3 2 0
Bookme/internal/handler/handlers.go:545.83,549.16 3 1
Bookme/internal/handler/handlers.go:554.2,567.16 9 1
Bookme/internal/handler/handlers.go:572.2,579.4 3 1
Bookme/internal/handler/handlers.go:549.16,552.3 2 0
Bookme/internal/handler/handlers.go:567.16,570.3 2 0
Bookme/internal/handler/handlers.go:583.87,585.16 2 1
Bookme/internal/handler/handlers.go:590.2,593.16 3 1
Bookme/internal/handler/handlers.go:598.2,604.16 5 1
Bookme/internal/handler/handlers.go:609.2,615.16 6 1
Bookme/internal/handler/handlers.go:620.2,625.16 4 1
Bookme/internal/handler/handlers.go:585.16,588.3 2 0
Bookme/internal/handler/handlers.go:593.16,596.3 2 0
Bookme/internal/handler/handlers.go:604.16,607.3 2 0
Bookme/internal/handler/handlers.go:615.16,618.3 2 0
Bookme/internal/handler/handlers.go:625.16,627.3 1 1
Bookme/internal/handler/handlers.go:627.8,629.3 1 1
Bookme/internal/handler/handlers.go:633.88,637.34 2 1
Bookme/internal/handler/handlers.go:643.2,674.16 23 1
Bookme/internal/handler/handlers.go:679.2,681.26 2 1
Bookme/internal/handler/handlers.go:715.2,719.4 1 1
Bookme/internal/handler/handlers.go:637.34,641.3 3 1
Bookme/internal/handler/handlers.go:674.16,677.3 2 0
Bookme/internal/handler/handlers.go:681.26,686.80 3 1
Bookme/internal/handler/handlers.go:692.3,693.17 2 1
Bookme/internal/handler/handlers.go:698.3,698.34 1 1
Bookme/internal/handler/handlers.go:709.3,712.78 3 1
Bookme/internal/handler/handlers.go:686.80,689.4 2 1
Bookme/internal/handler/handlers.go:693.17,696.4 2 0
Bookme/internal/handler/handlers.go:698.34,699.27 1 1
Bookme/internal/handler/handlers.go:699.27,701.79 1 1
Bookme/internal/handler/handlers.go:701.79,703.6 1 1
Bookme/internal/handler/handlers.go:704.10,707.5 1 1
Bookme/internal/handler/handlers.go:723.86,727.16 4 1
Bookme/internal/handler/handlers.go:731.2,736.16 4 1
Bookme/internal/handler/handlers.go:727.16,729.3 1 0
Bookme/internal/handler/handlers.go:736.16,738.3 1 1
Bookme/internal/handler/handlers.go:738.8,740.3 1 1
Bookme/internal/handler/handlers.go:744.85,754.16 7 1
Bookme/internal/handler/handlers.go:754.16,756.3 1 1
Bookme/internal/handler/handlers.go:756.8,758.3 1 1
Bookme/internal/handler/handlers.go:762.92,764.16 2 1
Bookme/internal/handler/handlers.go:769.2,774.16 4 1
Bookme/internal/handler/handlers.go:779.2,781.26 2 1
Bookme/internal/handler/handlers.go:805.2,805.34 1 1
Bookme/internal/handler/handlers.go:818.2,819.110 2 1
Bookme/internal/handler/handlers.go:764.16,767.3 2 0
Bookme/internal/handler/handlers.go:774.16,777.3 2 0
Bookme/internal/handler/handlers.go:781.26,786.35 2 1
Bookme/internal/handler/handlers.go:786.35,788.35 1 1
Bookme/internal/handler/handlers.go:788.35,791.16 1 1
Bookme/internal/handler/handlers.go:791.16,792.66 1 1
Bookme/internal/handler/handlers.go:792.66,795.21 2 1
Bookme/internal/handler/handlers.go:795.21,797.8 1 0
Bookme/internal/handler/handlers.go:805.34,806.43 1 1
Bookme/internal/handler/handlers.go:806.43,812.18 5 1
Bookme/internal/handler/handlers.go:812.18,814.5 1 0
